<?xml version="1.0" encoding="UTF-8"?>
<!-- Generated by org.testng.reporters.JUnitXMLReporter -->
<testsuite hostname="LAPTOP-0OMSJ8N4" ignored="0" name="Login Page Test" tests="7" failures="1" timestamp="03 Oct 2021 17:33:36 GMT" time="19.122" errors="0">
  <testcase name="loginPageTitleTest" time="0.263" classname="com.qa.opencart.tests.LoginPageTest"/>
  <testcase name="loginPageHeaderTest" time="1.562" classname="com.qa.opencart.tests.LoginPageTest"/>
  <testcase name="forgotPwdLinkTest" time="1.606" classname="com.qa.opencart.tests.LoginPageTest"/>
  <testcase name="loginTest" time="0.008" classname="com.qa.opencart.tests.LoginPageTest">
    <skipped/>
  </testcase> <!-- loginTest -->
  <testcase name="loginTest" time="0.007" classname="com.qa.opencart.tests.LoginPageTest">
    <skipped/>
  </testcase> <!-- loginTest -->
  <testcase name="loginTest" time="0.006" classname="com.qa.opencart.tests.LoginPageTest">
    <skipped/>
  </testcase> <!-- loginTest -->
  <testcase name="loginTest" time="0.007" classname="com.qa.opencart.tests.LoginPageTest">
    <failure type="java.lang.NullPointerException">
      <![CDATA[java.lang.NullPointerException
at com.qa.opencart.tests.LoginPageTest.loginTest(LoginPageTest.java:52)
at java.util.concurrent.FutureTask.run(FutureTask.java:266)
at java.util.concurrent.ThreadPoolExecutor.runWorker(ThreadPoolExecutor.java:1149)
at java.util.concurrent.ThreadPoolExecutor$Worker.run(ThreadPoolExecutor.java:624)
at java.lang.Thread.run(Thread.java:748)
... Removed 16 stack frames]]>
    </failure>
  </testcase> <!-- loginTest -->
</testsuite> <!-- Login Page Test -->
